<?xml version="1.0" encoding="UTF-8"?>
<testng-results skipped="0" failed="0" ignored="0" total="1" passed="1">
  <reporter-output>
  </reporter-output>
  <suite name="Default suite" duration-ms="44664" started-at="2019-07-26T08:15:12Z" finished-at="2019-07-26T08:15:57Z">
    <groups>
    </groups>
    <test name="Default test" duration-ms="44664" started-at="2019-07-26T08:15:12Z" finished-at="2019-07-26T08:15:57Z">
      <class name="testNG.LoginPageTestCases">
        <test-method status="PASS" signature="TestCase2()[pri:0, instance:testNG.LoginPageTestCases@1753acfe]" name="TestCase2" is-config="true" duration-ms="32867" started-at="2019-07-26T08:15:12Z" finished-at="2019-07-26T08:15:45Z">
          <reporter-output>
          </reporter-output>
        </test-method> <!-- TestCase2 -->
        <test-method status="PASS" signature="TestCase1()[pri:0, instance:testNG.LoginPageTestCases@1753acfe]" name="TestCase1" duration-ms="6562" started-at="2019-07-26T08:15:45Z" finished-at="2019-07-26T08:15:52Z">
          <reporter-output>
          </reporter-output>
        </test-method> <!-- TestCase1 -->
        <test-method status="PASS" signature="TestCase3()[pri:0, instance:testNG.LoginPageTestCases@1753acfe]" name="TestCase3" is-config="true" duration-ms="5205" started-at="2019-07-26T08:15:52Z" finished-at="2019-07-26T08:15:57Z">
          <reporter-output>
          </reporter-output>
        </test-method> <!-- TestCase3 -->
      </class> <!-- testNG.LoginPageTestCases -->
    </test> <!-- Default test -->
  </suite> <!-- Default suite -->
</testng-results>
